<?xml version="1.0" encoding="UTF-8"?>
<!-- Generated by org.testng.reporters.JUnitReportReporter -->
<testsuite hostname="LagutamPC" failures="0" tests="1" name="testcases.TC002_LoginPageTest" time="3.355" errors="0" timestamp="2025-04-27T14:05:23 IST" skipped="0">
  <testcase classname="testcases.TC002_LoginPageTest" name="verifyLogin" time="3.355"/>
</testsuite> <!-- testcases.TC002_LoginPageTest -->
