<?xml version="1.0" encoding="UTF-8"?>
<!-- Generated by org.testng.reporters.JUnitReportReporter -->
<testsuite hostname="LagutamPC" failures="0" tests="1" name="testcases.TC_001_AccountRegistrationTest" time="3.341" errors="0" timestamp="2025-04-16T20:42:26 IST" skipped="0">
  <testcase classname="testcases.TC_001_AccountRegistrationTest" name="verify_account_registration" time="3.341"/>
</testsuite> <!-- testcases.TC_001_AccountRegistrationTest -->
