<?xml version="1.0" encoding="UTF-8"?>
<!-- Generated by org.testng.reporters.JUnitReportReporter -->
<testsuite hostname="LagutamPC" failures="0" tests="1" name="testcases.TC_002_LoginPageTest" time="0.979" errors="0" timestamp="2025-04-17T23:25:05 IST" skipped="0">
  <testcase classname="testcases.TC_002_LoginPageTest" name="verifyLogin" time="0.979"/>
</testsuite> <!-- testcases.TC_002_LoginPageTest -->
